app/build/outputs/logs/manifest-merger-debug-report.txt
-- Merging decision tree log ---
manifest
ADDED from src\main\AndroidManifest.xml:2:1-217:12
	package
		ADDED from src\main\AndroidManifest.xml:3:5-24
		INJECTED from src\main\AndroidManifest.xml
		INJECTED from src\main\AndroidManifest.xml
	android:versionName
		INJECTED from src\main\AndroidManifest.xml
		INJECTED from src\main\AndroidManifest.xml
	xmlns:android
		ADDED from src\main\AndroidManifest.xml:2:11-69
	android:versionCode
		INJECTED from src\main\AndroidManifest.xml
		INJECTED from src\main\AndroidManifest.xml
uses-permission#android.permission.CHANGE_WIFI_STATE
ADDED from src\main\AndroidManifest.xml:5:5-76
MERGED from [:SQB-Android-SDK-2.1.2:] AndroidManifest.xml:23:5-76
	android:name
		ADDED from src\main\AndroidManifest.xml:5:22-73
uses-permission#android.permission.CHANGE_NETWORK_STATE
ADDED from src\main\AndroidManifest.xml:6:5-79
	android:name
		ADDED from src\main\AndroidManifest.xml:6:22-76
uses-permission#android.permission.ACCESS_NETWORK_STATE
ADDED from src\main\AndroidManifest.xml:7:5-79
MERGED from [:SQB-Android-SDK-2.1.2:] AndroidManifest.xml:14:5-79
	android:name
		ADDED from src\main\AndroidManifest.xml:7:22-76
uses-permission#android.permission.ACCESS_WIFI_STATE
ADDED from src\main\AndroidManifest.xml:8:5-76
MERGED from [MySbsfor2N910_1.0:toollibrary:unspecified] AndroidManifest.xml:11:5-76
MERGED from [:SQB-Android-SDK-2.1.2:] AndroidManifest.xml:22:5-76
	android:name
		ADDED from src\main\AndroidManifest.xml:8:22-73
uses-permission#android.permission.INTERNET
ADDED from src\main\AndroidManifest.xml:9:5-67
MERGED from [:SQB-Android-SDK-2.1.2:] AndroidManifest.xml:16:5-67
	android:name
		ADDED from src\main\AndroidManifest.xml:9:22-64
uses-permission#android.permission.WRITE_EXTERNAL_STORAGE
ADDED from src\main\AndroidManifest.xml:10:5-81
MERGED from [:SQB-Android-SDK-2.1.2:] AndroidManifest.xml:11:5-81
	android:name
		ADDED from src\main\AndroidManifest.xml:10:22-78
uses-permission#android.permission.READ_EXTERNAL_STORAGE
ADDED from src\main\AndroidManifest.xml:11:5-80
MERGED from [:SQB-Android-SDK-2.1.2:] AndroidManifest.xml:30:5-80
	android:name
		ADDED from src\main\AndroidManifest.xml:11:22-77
uses-permission#android.permission.READ_PHONE_STATE
ADDED from src\main\AndroidManifest.xml:12:5-75
MERGED from [:SQB-Android-SDK-2.1.2:] AndroidManifest.xml:15:5-75
	android:name
		ADDED from src\main\AndroidManifest.xml:12:22-72
uses-permission#android.permission.CLOUDPOS_MSR
ADDED from src\main\AndroidManifest.xml:13:5-71
	android:name
		ADDED from src\main\AndroidManifest.xml:13:22-68
uses-permission#android.permission.CLOUDPOS_PRINTER
ADDED from src\main\AndroidManifest.xml:14:5-75
	android:name
		ADDED from src\main\AndroidManifest.xml:14:22-72
uses-permission#android.permission.CLOUDPOS_SMARTCARD
ADDED from src\main\AndroidManifest.xml:15:5-77
	android:name
		ADDED from src\main\AndroidManifest.xml:15:22-74
uses-permission#android.permission.CLOUDPOS_CONTACTLESS_CARD
ADDED from src\main\AndroidManifest.xml:16:5-84
	android:name
		ADDED from src\main\AndroidManifest.xml:16:22-81
uses-permission#android.permission.CLOUDPOS_PIN_GET_PIN_BLOCK
ADDED from src\main\AndroidManifest.xml:17:5-85
	android:name
		ADDED from src\main\AndroidManifest.xml:17:22-82
uses-permission#android.permission.CLOUDPOS_PIN_MAC
ADDED from src\main\AndroidManifest.xml:18:5-75
	android:name
		ADDED from src\main\AndroidManifest.xml:18:22-72
uses-permission#android.permission.CLOUDPOS_PIN_ENCRYPT_DATA
ADDED from src\main\AndroidManifest.xml:19:5-84
	android:name
		ADDED from src\main\AndroidManifest.xml:19:22-81
uses-permission#android.permission.CLOUDPOS_PIN_UPDATE_MASTER_KEY
ADDED from src\main\AndroidManifest.xml:20:5-89
	android:name
		ADDED from src\main\AndroidManifest.xml:20:22-86
uses-permission#android.permission.CLOUDPOS_PIN_UPDATE_USER_KEY
ADDED from src\main\AndroidManifest.xml:21:5-87
	android:name
		ADDED from src\main\AndroidManifest.xml:21:22-84
uses-permission#android.permission.CLOUDPOS_LED
ADDED from src\main\AndroidManifest.xml:22:5-71
	android:name
		ADDED from src\main\AndroidManifest.xml:22:22-68
uses-permission#android.permission.CLOUDPOS_SAFE_MODULE
ADDED from src\main\AndroidManifest.xml:23:5-79
	android:name
		ADDED from src\main\AndroidManifest.xml:23:22-76
uses-permission#android.permission.CLOUDPOS_SETTIME
ADDED from src\main\AndroidManifest.xml:24:5-75
	android:name
		ADDED from src\main\AndroidManifest.xml:24:22-72
uses-permission#com.wizarpos.keyposclient.permission.LOCAL_TMK_SERVICE
ADDED from src\main\AndroidManifest.xml:25:5-94
	android:name
		ADDED from src\main\AndroidManifest.xml:25:22-91
uses-permission#android.permission.MANAGE_NEWLAND
ADDED from src\main\AndroidManifest.xml:27:5-72
	android:name
		ADDED from src\main\AndroidManifest.xml:27:22-70
uses-permission#android.permission.MANAGE_NEWLANDUART3
ADDED from src\main\AndroidManifest.xml:28:5-77
	android:name
		ADDED from src\main\AndroidManifest.xml:28:22-75
application
ADDED from src\main\AndroidManifest.xml:31:5-215:19
MERGED from [com.android.support.constraint:constraint-layout:1.0.2] AndroidManifest.xml:9:5-20
MERGED from [MySbsfor2N910_1.0:toollibrary:unspecified] AndroidManifest.xml:13:5-33:19
MERGED from [com.android.support:appcompat-v7:25.2.0] AndroidManifest.xml:25:5-20
MERGED from [com.android.support:support-v4:25.2.0] AndroidManifest.xml:25:5-20
MERGED from [com.android.support:support-fragment:25.2.0] AndroidManifest.xml:25:5-20
MERGED from [com.android.support:support-media-compat:25.2.0] AndroidManifest.xml:25:5-20
MERGED from [com.android.support:support-core-ui:25.2.0] AndroidManifest.xml:25:5-20
MERGED from [com.android.support:support-core-utils:25.2.0] AndroidManifest.xml:25:5-20
MERGED from [com.android.support:animated-vector-drawable:25.2.0] AndroidManifest.xml:22:5-20
MERGED from [com.android.support:support-vector-drawable:25.2.0] AndroidManifest.xml:23:5-20
MERGED from [com.android.support:support-compat:25.2.0] AndroidManifest.xml:25:5-20
MERGED from [:SQB-Android-SDK-2.1.2:] AndroidManifest.xml:33:5-71:19
	android:label
		ADDED from src\main\AndroidManifest.xml:35:9-41
	android:supportsRtl
		ADDED from src\main\AndroidManifest.xml:36:9-35
	android:allowBackup
		ADDED from src\main\AndroidManifest.xml:33:9-35
	android:icon
		ADDED from src\main\AndroidManifest.xml:34:9-39
	android:theme
		ADDED from src\main\AndroidManifest.xml:37:9-40
	android:name
		ADDED from src\main\AndroidManifest.xml:32:9-52
activity#com.zfsbs.activity.OperatorLoginActivity1
ADDED from src\main\AndroidManifest.xml:38:9-48:20
	android:screenOrientation
		ADDED from src\main\AndroidManifest.xml:40:13-49
	android:windowSoftInputMode
		ADDED from src\main\AndroidManifest.xml:42:13-54
	android:theme
		ADDED from src\main\AndroidManifest.xml:41:13-60
	android:name
		ADDED from src\main\AndroidManifest.xml:39:13-60
intent-filter#android.intent.action.MAIN+android.intent.category.LAUNCHER
ADDED from src\main\AndroidManifest.xml:43:13-47:29
action#android.intent.action.MAIN
ADDED from src\main\AndroidManifest.xml:44:17-69
	android:name
		ADDED from src\main\AndroidManifest.xml:44:25-66
category#android.intent.category.LAUNCHER
ADDED from src\main\AndroidManifest.xml:46:17-77
	android:name
		ADDED from src\main\AndroidManifest.xml:46:27-74
activity#com.zfsbs.activity.SysMainActivity
ADDED from src\main\AndroidManifest.xml:49:9-53:57
	android:screenOrientation
		ADDED from src\main\AndroidManifest.xml:51:13-49
	android:windowSoftInputMode
		ADDED from src\main\AndroidManifest.xml:53:13-54
	android:theme
		ADDED from src\main\AndroidManifest.xml:52:13-60
	android:name
		ADDED from src\main\AndroidManifest.xml:50:13-53
activity#com.zfsbs.activity.SaleMainActivity
ADDED from src\main\AndroidManifest.xml:54:9-58:57
	android:screenOrientation
		ADDED from src\main\AndroidManifest.xml:56:13-49
	android:windowSoftInputMode
		ADDED from src\main\AndroidManifest.xml:58:13-54
	android:theme
		ADDED from src\main\AndroidManifest.xml:57:13-60
	android:name
		ADDED from src\main\AndroidManifest.xml:55:13-54
activity#com.zfsbs.activity.GetLoginInfoActivity
ADDED from src\main\AndroidManifest.xml:59:9-63:57
	android:screenOrientation
		ADDED from src\main\AndroidManifest.xml:61:13-49
	android:windowSoftInputMode
		ADDED from src\main\AndroidManifest.xml:63:13-54
	android:theme
		ADDED from src\main\AndroidManifest.xml:62:13-60
	android:name
		ADDED from src\main\AndroidManifest.xml:60:13-58
activity#com.zfsbs.activity.GetLoginInfoActivity1
ADDED from src\main\AndroidManifest.xml:64:9-68:57
	android:screenOrientation
		ADDED from src\main\AndroidManifest.xml:66:13-49
	android:windowSoftInputMode
		ADDED from src\main\AndroidManifest.xml:68:13-54
	android:theme
		ADDED from src\main\AndroidManifest.xml:67:13-60
	android:name
		ADDED from src\main\AndroidManifest.xml:65:13-59
activity#com.zfsbs.activity.SystemManageActivity
ADDED from src\main\AndroidManifest.xml:69:9-73:57
	android:screenOrientation
		ADDED from src\main\AndroidManifest.xml:71:13-49
	android:windowSoftInputMode
		ADDED from src\main\AndroidManifest.xml:73:13-54
	android:theme
		ADDED from src\main\AndroidManifest.xml:72:13-60
	android:name
		ADDED from src\main\AndroidManifest.xml:70:13-58
activity#com.zfsbs.activity.ChangeInfoActivity
ADDED from src\main\AndroidManifest.xml:74:9-78:57
	android:screenOrientation
		ADDED from src\main\AndroidManifest.xml:76:13-49
	android:windowSoftInputMode
		ADDED from src\main\AndroidManifest.xml:78:13-54
	android:theme
		ADDED from src\main\AndroidManifest.xml:77:13-60
	android:name
		ADDED from src\main\AndroidManifest.xml:75:13-56
activity#com.zfsbs.activity.InputAmountActivity
ADDED from src\main\AndroidManifest.xml:79:9-83:57
	android:screenOrientation
		ADDED from src\main\AndroidManifest.xml:81:13-49
	android:windowSoftInputMode
		ADDED from src\main\AndroidManifest.xml:83:13-54
	android:theme
		ADDED from src\main\AndroidManifest.xml:82:13-60
	android:name
		ADDED from src\main\AndroidManifest.xml:80:13-57
activity#com.zfsbs.activity.InputAmountActivity2
ADDED from src\main\AndroidManifest.xml:84:9-88:57
	android:screenOrientation
		ADDED from src\main\AndroidManifest.xml:86:13-49
	android:windowSoftInputMode
		ADDED from src\main\AndroidManifest.xml:88:13-54
	android:theme
		ADDED from src\main\AndroidManifest.xml:87:13-60
	android:name
		ADDED from src\main\AndroidManifest.xml:85:13-58
activity#com.zfsbs.activity.ZfPayActivity
ADDED from src\main\AndroidManifest.xml:89:9-93:57
	android:screenOrientation
		ADDED from src\main\AndroidManifest.xml:91:13-49
	android:windowSoftInputMode
		ADDED from src\main\AndroidManifest.xml:93:13-54
	android:theme
		ADDED from src\main\AndroidManifest.xml:92:13-60
	android:name
		ADDED from src\main\AndroidManifest.xml:90:13-51
activity#com.zfsbs.activity.ZfPayPreauthActivity
ADDED from src\main\AndroidManifest.xml:94:9-98:57
	android:screenOrientation
		ADDED from src\main\AndroidManifest.xml:96:13-49
	android:windowSoftInputMode
		ADDED from src\main\AndroidManifest.xml:98:13-54
	android:theme
		ADDED from src\main\AndroidManifest.xml:97:13-60
	android:name
		ADDED from src\main\AndroidManifest.xml:95:13-58
activity#com.zfsbs.activity.ZfPayCashActivity
ADDED from src\main\AndroidManifest.xml:99:9-103:57
	android:screenOrientation
		ADDED from src\main\AndroidManifest.xml:101:13-49
	android:windowSoftInputMode
		ADDED from src\main\AndroidManifest.xml:103:13-54
	android:theme
		ADDED from src\main\AndroidManifest.xml:102:13-60
	android:name
		ADDED from src\main\AndroidManifest.xml:100:13-55
activity#com.zfsbs.activity.RecordInfoActivity
ADDED from src\main\AndroidManifest.xml:104:9-108:57
	android:screenOrientation
		ADDED from src\main\AndroidManifest.xml:106:13-49
	android:windowSoftInputMode
		ADDED from src\main\AndroidManifest.xml:108:13-54
	android:theme
		ADDED from src\main\AndroidManifest.xml:107:13-60
	android:name
		ADDED from src\main\AndroidManifest.xml:105:13-56
activity#com.zfsbs.activity.LoginInfoActivity
ADDED from src\main\AndroidManifest.xml:109:9-113:57
	android:screenOrientation
		ADDED from src\main\AndroidManifest.xml:111:13-49
	android:windowSoftInputMode
		ADDED from src\main\AndroidManifest.xml:113:13-54
	android:theme
		ADDED from src\main\AndroidManifest.xml:112:13-60
	android:name
		ADDED from src\main\AndroidManifest.xml:110:13-55
activity#com.zfsbs.activity.MemberActivity
ADDED from src\main\AndroidManifest.xml:114:9-118:57
	android:screenOrientation
		ADDED from src\main\AndroidManifest.xml:116:13-49
	android:windowSoftInputMode
		ADDED from src\main\AndroidManifest.xml:118:13-54
	android:theme
		ADDED from src\main\AndroidManifest.xml:117:13-60
	android:name
		ADDED from src\main\AndroidManifest.xml:115:13-52
activity#com.zfsbs.activity.SaleUndoActivity
ADDED from src\main\AndroidManifest.xml:119:9-123:57
	android:screenOrientation
		ADDED from src\main\AndroidManifest.xml:121:13-49
	android:windowSoftInputMode
		ADDED from src\main\AndroidManifest.xml:123:13-54
	android:theme
		ADDED from src\main\AndroidManifest.xml:122:13-60
	android:name
		ADDED from src\main\AndroidManifest.xml:120:13-54
activity#com.zfsbs.activity.ChangePassActivity
ADDED from src\main\AndroidManifest.xml:124:9-128:57
	android:screenOrientation
		ADDED from src\main\AndroidManifest.xml:126:13-49
	android:windowSoftInputMode
		ADDED from src\main\AndroidManifest.xml:128:13-54
	android:theme
		ADDED from src\main\AndroidManifest.xml:127:13-60
	android:name
		ADDED from src\main\AndroidManifest.xml:125:13-56
activity#com.zfsbs.activity.OperatorChangePass
ADDED from src\main\AndroidManifest.xml:129:9-133:57
	android:screenOrientation
		ADDED from src\main\AndroidManifest.xml:131:13-49
	android:windowSoftInputMode
		ADDED from src\main\AndroidManifest.xml:133:13-54
	android:theme
		ADDED from src\main\AndroidManifest.xml:132:13-60
	android:name
		ADDED from src\main\AndroidManifest.xml:130:13-56
activity#com.zfsbs.activity.MasterChangePass
ADDED from src\main\AndroidManifest.xml:134:9-138:57
	android:screenOrientation
		ADDED from src\main\AndroidManifest.xml:136:13-49
	android:windowSoftInputMode
		ADDED from src\main\AndroidManifest.xml:138:13-54
	android:theme
		ADDED from src\main\AndroidManifest.xml:137:13-60
	android:name
		ADDED from src\main\AndroidManifest.xml:135:13-54
activity#com.zfsbs.activity.RecordItemInfoActivity
ADDED from src\main\AndroidManifest.xml:139:9-143:57
	android:screenOrientation
		ADDED from src\main\AndroidManifest.xml:141:13-49
	android:windowSoftInputMode
		ADDED from src\main\AndroidManifest.xml:143:13-54
	android:theme
		ADDED from src\main\AndroidManifest.xml:142:13-60
	android:name
		ADDED from src\main\AndroidManifest.xml:140:13-60
activity#com.zfsbs.activity.ShowInfoCurrentDayData
ADDED from src\main\AndroidManifest.xml:144:9-148:57
	android:screenOrientation
		ADDED from src\main\AndroidManifest.xml:146:13-49
	android:windowSoftInputMode
		ADDED from src\main\AndroidManifest.xml:148:13-54
	android:theme
		ADDED from src\main\AndroidManifest.xml:147:13-60
	android:name
		ADDED from src\main\AndroidManifest.xml:145:13-60
activity#com.zfsbs.activity.YxfManagerActivity
ADDED from src\main\AndroidManifest.xml:149:9-153:57
	android:screenOrientation
		ADDED from src\main\AndroidManifest.xml:151:13-49
	android:windowSoftInputMode
		ADDED from src\main\AndroidManifest.xml:153:13-54
	android:theme
		ADDED from src\main\AndroidManifest.xml:152:13-60
	android:name
		ADDED from src\main\AndroidManifest.xml:150:13-56
activity#com.zfsbs.activity.ShiftRoomActivity
ADDED from src\main\AndroidManifest.xml:154:9-64
	android:name
		ADDED from src\main\AndroidManifest.xml:154:19-61
activity#com.zfsbs.activity.ShiftRoomShowActivity
ADDED from src\main\AndroidManifest.xml:155:9-68
	android:name
		ADDED from src\main\AndroidManifest.xml:155:19-65
activity#com.zfsbs.activity.ShiftRoomRecordActivity
ADDED from src\main\AndroidManifest.xml:156:9-70
	android:name
		ADDED from src\main\AndroidManifest.xml:156:19-67
activity#com.zfsbs.activity.ShiftRoomShowitemActivity
ADDED from src\main\AndroidManifest.xml:157:9-72
	android:name
		ADDED from src\main\AndroidManifest.xml:157:19-69
activity#com.zfsbs.activity.test.TestPopActivity
ADDED from src\main\AndroidManifest.xml:158:9-67
	android:name
		ADDED from src\main\AndroidManifest.xml:158:19-64
service#com.zfsbs.service.UploadService
ADDED from src\main\AndroidManifest.xml:160:9-163:39
	android:enabled
		ADDED from src\main\AndroidManifest.xml:162:13-35
	android:exported
		ADDED from src\main\AndroidManifest.xml:163:13-36
	android:name
		ADDED from src\main\AndroidManifest.xml:161:13-50
receiver#com.zfsbs.service.AlarmReceiver
ADDED from src\main\AndroidManifest.xml:165:9-59
	android:name
		ADDED from src\main\AndroidManifest.xml:165:19-56
activity#com.zfsbs.activity.TestActivity
ADDED from src\main\AndroidManifest.xml:167:9-175:20
	android:name
		ADDED from src\main\AndroidManifest.xml:167:19-56
receiver#com.zfsbs.service.LoginReceiver
ADDED from src\main\AndroidManifest.xml:177:9-180:48
	android:enabled
		ADDED from src\main\AndroidManifest.xml:179:13-35
	android:exported
		ADDED from src\main\AndroidManifest.xml:180:13-36
	android:name
		ADDED from src\main\AndroidManifest.xml:178:13-50
activity#com.zfsbs.activity.VerificationActivity
ADDED from src\main\AndroidManifest.xml:182:9-185:66
	android:screenOrientation
		ADDED from src\main\AndroidManifest.xml:183:13-49
	android:windowSoftInputMode
		ADDED from src\main\AndroidManifest.xml:185:13-54
	android:theme
		ADDED from src\main\AndroidManifest.xml:184:13-60
	android:name
		ADDED from src\main\AndroidManifest.xml:182:19-64
activity#com.zfsbs.activity.YyVerificationActivity
ADDED from src\main\AndroidManifest.xml:186:9-189:66
	android:screenOrientation
		ADDED from src\main\AndroidManifest.xml:187:13-49
	android:windowSoftInputMode
		ADDED from src\main\AndroidManifest.xml:189:13-54
	android:theme
		ADDED from src\main\AndroidManifest.xml:188:13-60
	android:name
		ADDED from src\main\AndroidManifest.xml:186:19-66
activity#com.zfsbs.activity.RechargeActivity
ADDED from src\main\AndroidManifest.xml:190:9-194:57
	android:screenOrientation
		ADDED from src\main\AndroidManifest.xml:192:13-49
	android:windowSoftInputMode
		ADDED from src\main\AndroidManifest.xml:194:13-54
	android:theme
		ADDED from src\main\AndroidManifest.xml:193:13-60
	android:name
		ADDED from src\main\AndroidManifest.xml:191:13-54
activity#com.zfsbs.activity.OpenCardActivity
ADDED from src\main\AndroidManifest.xml:195:9-199:57
	android:screenOrientation
		ADDED from src\main\AndroidManifest.xml:197:13-49
	android:windowSoftInputMode
		ADDED from src\main\AndroidManifest.xml:199:13-54
	android:theme
		ADDED from src\main\AndroidManifest.xml:198:13-60
	android:name
		ADDED from src\main\AndroidManifest.xml:196:13-54
activity#com.zfsbs.activity.CardChangeActivity
ADDED from src\main\AndroidManifest.xml:200:9-204:57
	android:screenOrientation
		ADDED from src\main\AndroidManifest.xml:202:13-49
	android:windowSoftInputMode
		ADDED from src\main\AndroidManifest.xml:204:13-54
	android:theme
		ADDED from src\main\AndroidManifest.xml:203:13-60
	android:name
		ADDED from src\main\AndroidManifest.xml:201:13-56
activity#com.zfsbs.activity.ZfPayRechargeActivity
ADDED from src\main\AndroidManifest.xml:205:9-209:57
	android:screenOrientation
		ADDED from src\main\AndroidManifest.xml:207:13-49
	android:windowSoftInputMode
		ADDED from src\main\AndroidManifest.xml:209:13-54
	android:theme
		ADDED from src\main\AndroidManifest.xml:208:13-60
	android:name
		ADDED from src\main\AndroidManifest.xml:206:13-59
activity#com.zfsbs.activity.CheckOperatorLoginActivity
ADDED from src\main\AndroidManifest.xml:210:9-214:57
	android:screenOrientation
		ADDED from src\main\AndroidManifest.xml:212:13-49
	android:windowSoftInputMode
		ADDED from src\main\AndroidManifest.xml:214:13-54
	android:theme
		ADDED from src\main\AndroidManifest.xml:213:13-60
	android:name
		ADDED from src\main\AndroidManifest.xml:211:13-64
uses-sdk
INJECTED from src\main\AndroidManifest.xml reason: use-sdk injection requested
MERGED from [com.android.support.constraint:constraint-layout:1.0.2] AndroidManifest.xml:5:5-7:41
MERGED from [MySbsfor2N910_1.0:toollibrary:unspecified] AndroidManifest.xml:7:5-9:41
MERGED from [com.android.support:multidex:1.0.1] AndroidManifest.xml:18:5-42
MERGED from [com.android.support:appcompat-v7:25.2.0] AndroidManifest.xml:21:5-23:78
MERGED from [com.android.support:support-v4:25.2.0] AndroidManifest.xml:21:5-23:54
MERGED from [com.android.support:support-fragment:25.2.0] AndroidManifest.xml:21:5-23:60
MERGED from [com.android.support:support-media-compat:25.2.0] AndroidManifest.xml:21:5-23:63
MERGED from [com.android.support:support-core-ui:25.2.0] AndroidManifest.xml:21:5-23:58
MERGED from [com.android.support:support-core-utils:25.2.0] AndroidManifest.xml:21:5-23:61
MERGED from [com.android.support:animated-vector-drawable:25.2.0] AndroidManifest.xml:20:5-44
MERGED from [com.android.support:support-vector-drawable:25.2.0] AndroidManifest.xml:21:5-43
MERGED from [com.android.support:support-compat:25.2.0] AndroidManifest.xml:21:5-23:58
MERGED from [:SQB-Android-SDK-2.1.2:] AndroidManifest.xml:7:5-9:41
	tools:overrideLibrary
		ADDED from [com.android.support:appcompat-v7:25.2.0] AndroidManifest.xml:23:9-75
	android:targetSdkVersion
		INJECTED from src\main\AndroidManifest.xml
		INJECTED from src\main\AndroidManifest.xml
	android:minSdkVersion
		INJECTED from src\main\AndroidManifest.xml
		INJECTED from src\main\AndroidManifest.xml
activity#com.zxing.activity.MyCaptureActivity
ADDED from [MySbsfor2N910_1.0:toollibrary:unspecified] AndroidManifest.xml:17:9-21:57
	android:screenOrientation
		ADDED from [MySbsfor2N910_1.0:toollibrary:unspecified] AndroidManifest.xml:19:13-49
	android:windowSoftInputMode
		ADDED from [MySbsfor2N910_1.0:toollibrary:unspecified] AndroidManifest.xml:21:13-54
	android:theme
		ADDED from [MySbsfor2N910_1.0:toollibrary:unspecified] AndroidManifest.xml:20:13-60
	android:name
		ADDED from [MySbsfor2N910_1.0:toollibrary:unspecified] AndroidManifest.xml:18:13-64
activity#com.yzq.testzxing.zxing.android.CaptureActivity
ADDED from [MySbsfor2N910_1.0:toollibrary:unspecified] AndroidManifest.xml:22:9-26:20
	android:screenOrientation
		ADDED from [MySbsfor2N910_1.0:toollibrary:unspecified] AndroidManifest.xml:24:13-49
	android:theme
		ADDED from [MySbsfor2N910_1.0:toollibrary:unspecified] AndroidManifest.xml:25:13-60
	android:name
		ADDED from [MySbsfor2N910_1.0:toollibrary:unspecified] AndroidManifest.xml:23:13-75
receiver#com.tool.utils.utils.WifiChangeBroadcastReceiver
ADDED from [MySbsfor2N910_1.0:toollibrary:unspecified] AndroidManifest.xml:28:9-32:20
	android:name
		ADDED from [MySbsfor2N910_1.0:toollibrary:unspecified] AndroidManifest.xml:28:19-82
intent-filter#android.net.wifi.RSSI_CHANGED
ADDED from [MySbsfor2N910_1.0:toollibrary:unspecified] AndroidManifest.xml:29:13-31:29
action#android.net.wifi.RSSI_CHANGED
ADDED from [MySbsfor2N910_1.0:toollibrary:unspecified] AndroidManifest.xml:30:17-72
	android:name
		ADDED from [MySbsfor2N910_1.0:toollibrary:unspecified] AndroidManifest.xml:30:25-69
uses-permission#android.permission.BLUETOOTH
ADDED from [:SQB-Android-SDK-2.1.2:] AndroidManifest.xml:12:5-68
	android:name
		ADDED from [:SQB-Android-SDK-2.1.2:] AndroidManifest.xml:12:22-65
uses-permission#android.permission.BLUETOOTH_ADMIN
ADDED from [:SQB-Android-SDK-2.1.2:] AndroidManifest.xml:13:5-74
	android:name
		ADDED from [:SQB-Android-SDK-2.1.2:] AndroidManifest.xml:13:22-71
uses-permission#android.permission.WRITE_SETTINGS
ADDED from [:SQB-Android-SDK-2.1.2:] AndroidManifest.xml:18:5-73
	android:name
		ADDED from [:SQB-Android-SDK-2.1.2:] AndroidManifest.xml:18:22-70
uses-permission#android.permission.ACCESS_FINE_LOCATION
ADDED from [:SQB-Android-SDK-2.1.2:] AndroidManifest.xml:20:5-79
	android:name
		ADDED from [:SQB-Android-SDK-2.1.2:] AndroidManifest.xml:20:22-76
uses-permission#android.permission.ACCESS_COARSE_LOCATION
ADDED from [:SQB-Android-SDK-2.1.2:] AndroidManifest.xml:21:5-81
	android:name
		ADDED from [:SQB-Android-SDK-2.1.2:] AndroidManifest.xml:21:22-78
uses-permission#android.permission.MOUNT_UNMOUNT_FILESYSTEMS
ADDED from [:SQB-Android-SDK-2.1.2:] AndroidManifest.xml:25:5-84
	android:name
		ADDED from [:SQB-Android-SDK-2.1.2:] AndroidManifest.xml:25:22-81
uses-permission#android.permission.WAKE_LOCK
ADDED from [:SQB-Android-SDK-2.1.2:] AndroidManifest.xml:26:5-68
	android:name
		ADDED from [:SQB-Android-SDK-2.1.2:] AndroidManifest.xml:26:22-65
uses-permission#android.permission.CAMERA
ADDED from [:SQB-Android-SDK-2.1.2:] AndroidManifest.xml:27:5-65
	android:name
		ADDED from [:SQB-Android-SDK-2.1.2:] AndroidManifest.xml:27:22-62
uses-permission#android.permission.VIBRATE
ADDED from [:SQB-Android-SDK-2.1.2:] AndroidManifest.xml:28:5-66
	android:name
		ADDED from [:SQB-Android-SDK-2.1.2:] AndroidManifest.xml:28:22-63
uses-permission#android.permission.FLASHLIGHT
ADDED from [:SQB-Android-SDK-2.1.2:] AndroidManifest.xml:29:5-69
	android:name
		ADDED from [:SQB-Android-SDK-2.1.2:] AndroidManifest.xml:29:22-66
uses-permission#android.permission.REORDER_TASKS
ADDED from [:SQB-Android-SDK-2.1.2:] AndroidManifest.xml:31:5-72
	android:name
		ADDED from [:SQB-Android-SDK-2.1.2:] AndroidManifest.xml:31:22-69
activity#com.wosai.upay.ui.MainActivity
ADDED from [:SQB-Android-SDK-2.1.2:] AndroidManifest.xml:40:9-45:20
	android:windowSoftInputMode
		ADDED from [:SQB-Android-SDK-2.1.2:] AndroidManifest.xml:44:13-67
	android:configChanges
		ADDED from [:SQB-Android-SDK-2.1.2:] AndroidManifest.xml:42:13-74
	android:theme
		ADDED from [:SQB-Android-SDK-2.1.2:] AndroidManifest.xml:43:13-48
	android:name
		ADDED from [:SQB-Android-SDK-2.1.2:] AndroidManifest.xml:41:13-58
activity#com.wosai.upay.zbar.activity.CaptureActivity
ADDED from [:SQB-Android-SDK-2.1.2:] AndroidManifest.xml:46:9-51:20
	android:launchMode
		ADDED from [:SQB-Android-SDK-2.1.2:] AndroidManifest.xml:49:4-35
	android:windowSoftInputMode
		ADDED from [:SQB-Android-SDK-2.1.2:] AndroidManifest.xml:50:13-52
	android:theme
		ADDED from [:SQB-Android-SDK-2.1.2:] AndroidManifest.xml:48:13-48
	android:name
		ADDED from [:SQB-Android-SDK-2.1.2:] AndroidManifest.xml:47:13-72
receiver#com.wosai.upay.common.UpayTask$MyBroadcastReceiver
ADDED from [:SQB-Android-SDK-2.1.2:] AndroidManifest.xml:53:9-59:20
	android:exported
		ADDED from [:SQB-Android-SDK-2.1.2:] AndroidManifest.xml:55:13-37
	android:name
		ADDED from [:SQB-Android-SDK-2.1.2:] AndroidManifest.xml:54:13-78
intent-filter#com.wosai.upay
ADDED from [:SQB-Android-SDK-2.1.2:] AndroidManifest.xml:56:13-58:29
action#com.wosai.upay
ADDED from [:SQB-Android-SDK-2.1.2:] AndroidManifest.xml:57:17-57
	android:name
		ADDED from [:SQB-Android-SDK-2.1.2:] AndroidManifest.xml:57:25-54
meta-data#com.baidu.lbsapi.API_KEY
ADDED from [:SQB-Android-SDK-2.1.2:] AndroidManifest.xml:61:9-63:56
	android:value
		ADDED from [:SQB-Android-SDK-2.1.2:] AndroidManifest.xml:63:13-53
	android:name
		ADDED from [:SQB-Android-SDK-2.1.2:] AndroidManifest.xml:62:13-52
service#com.baidu.location.f
ADDED from [:SQB-Android-SDK-2.1.2:] AndroidManifest.xml:66:9-70:19
	android:enabled
		ADDED from [:SQB-Android-SDK-2.1.2:] AndroidManifest.xml:68:13-35
	android:process
		ADDED from [:SQB-Android-SDK-2.1.2:] AndroidManifest.xml:69:13-38
	android:name
		ADDED from [:SQB-Android-SDK-2.1.2:] AndroidManifest.xml:67:13-48